<?xml version="1.0" encoding="UTF-8"?>
<!-- Generated by org.testng.reporters.JUnitReportReporter -->
<testsuite hostname="Krishnas-MacBook-Air.local" failures="0" tests="1" name="PBL.Base" time="0.004" errors="0" timestamp="2023-05-17T16:50:58 IST" skipped="0">
  <testcase classname="PBL.Base" name="TClass" time="0.004"/>
  <system-out/>
</testsuite> <!-- PBL.Base -->
