<?xml version="1.0" encoding="UTF-8"?>
<!-- Generated by org.testng.reporters.JUnitReportReporter -->
<testsuite hostname="Krishnas-MacBook-Air.local" failures="0" tests="2" name="PBL.TC2" time="0.008" errors="0" timestamp="2023-05-17T16:50:58 IST" skipped="0">
  <testcase classname="PBL.TC2" name="Class2TC1" time="0.007"/>
  <system-out/>
  <testcase classname="PBL.TC2" name="Class2TC2" time="0.001"/>
  <system-out/>
</testsuite> <!-- PBL.TC2 -->
