<?xml version="1.0" encoding="UTF-8"?>
<!-- Generated by org.testng.reporters.JUnitReportReporter -->
<testsuite hostname="Krishnas-MacBook-Air.local" failures="0" tests="6" name="PBL.C1" time="0.021" errors="0" timestamp="2023-05-17T16:50:58 IST" skipped="0">
  <testcase classname="PBL.C1" name="testCase4" time="0.002"/>
  <system-out/>
  <testcase classname="PBL.C1" name="TClass" time="0.003"/>
  <system-out/>
  <testcase classname="PBL.C1" name="testCase3" time="0.003"/>
  <system-out/>
  <testcase classname="PBL.C1" name="testCase5" time="0.001"/>
  <system-out/>
  <testcase classname="PBL.C1" name="testCase1" time="0.006"/>
  <system-out/>
  <testcase classname="PBL.C1" name="testCase2" time="0.006"/>
  <system-out/>
</testsuite> <!-- PBL.C1 -->
